<?xml version="1.0" encoding="UTF-8"?>
<!-- Generated by org.testng.reporters.JUnitReportReporter -->
<testsuite hostname="DESKTOP-VBQOST8" failures="0" tests="2" name="demoProject.demoTest" time="0.038" errors="0" timestamp="2022-09-15T19:33:43 IST" skipped="0">
  <testcase classname="demoProject.demoTest" name="RegrationTest" time="0.030"/>
  <system-out/>
  <testcase classname="demoProject.demoTest" name="Smoke" time="0.008"/>
  <system-out/>
</testsuite> <!-- demoProject.demoTest -->
